{
  "RSpec": {
    "coverage": {
      "/home/bart/Desktop/Temp/AlgorithmComplexity/spec/my_methods_spec.rb": [
        1,
        null,
        1,
        1,
        1,
        null,
        null,
        1,
        1,
        null,
        null,
        1,
        1,
        null,
        null,
        1,
        1,
        null,
        null,
        null,
        1,
        1,
        1,
        null,
        null,
        1,
        1,
        null,
        null,
        1,
        1,
        null,
        null,
        1,
        1,
        null,
        null,
        1,
        1,
        null,
        null,
        null,
        1,
        1,
        1,
        null,
        null,
        1,
        1,
        null,
        null,
        1,
        1,
        null,
        null
      ],
      "/home/bart/Desktop/Temp/AlgorithmComplexity/lib/my_methods.rb": [
        null,
        1,
        1,
        1,
        1,
        null,
        1,
        12,
        null,
        null,
        1,
        null,
        null,
        1,
        1,
        1,
        1,
        null,
        null,
        1,
        1,
        1,
        1,
        1,
        8,
        null,
        null,
        5,
        4,
        null,
        null,
        1,
        null,
        null,
        1,
        1,
        8,
        null,
        null,
        null,
        null,
        null,
        1,
        1,
        1,
        null,
        1,
        5,
        null,
        null,
        1,
        null,
        null,
        null,
        1,
        1,
        7,
        28,
        null,
        null,
        null,
        1,
        null,
        null,
        1,
        24,
        null,
        11,
        42,
        11,
        null,
        null,
        1,
        3,
        16,
        16,
        null,
        null,
        3,
        null,
        null,
        null,
        null,
        1,
        1,
        1,
        1,
        null,
        1,
        5,
        5,
        null,
        null,
        1,
        null,
        null,
        1,
        1,
        1,
        null,
        1,
        5,
        5,
        null,
        null,
        1,
        null,
        null,
        1,
        1,
        1,
        1,
        null,
        null
      ]
    },
    "timestamp": 1560894588
  }
}
