{
  "RSpec": {
    "coverage": {
      "/home/random/Dropbox/Code/Projects/AlgorithmComplexity/spec/my_methods_spec.rb": [
        1,
        null,
        1,
        1,
        1,
        null,
        null,
        null,
        1,
        1,
        1,
        null,
        null,
        1,
        1,
        null,
        null,
        null,
        1,
        1,
        1,
        null,
        null
      ],
      "/home/random/Dropbox/Code/Projects/AlgorithmComplexity/lib/my_methods.rb": [
        1,
        1,
        1,
        1,
        null,
        1,
        12,
        null,
        null,
        1,
        null,
        null,
        null,
        1,
        1,
        1,
        null,
        1,
        5,
        null,
        null,
        1,
        null,
        null,
        1,
        1,
        9,
        45,
        null,
        null,
        null,
        1,
        null,
        null,
        null,
        1,
        1,
        1,
        1,
        null,
        1,
        5,
        5,
        null,
        null,
        1,
        null,
        null
      ]
    },
    "timestamp": 1560274248
  }
}
